<?xml version="1.0" encoding="UTF-8"?>
<coverage generated="1763473616988" clover="3.2.0">
  <project timestamp="1763473616988" name="All files">
    <metrics statements="18" coveredstatements="13" conditionals="5" coveredconditionals="2" methods="2" coveredmethods="2" elements="25" coveredelements="17" complexity="0" loc="18" ncloc="18" packages="1" files="1" classes="1"/>
    <file name="scraperapi.ts" path="C:\Users\DGI-17-PC144\Documents\Zealand\Kode\repo\RejsestatusApi\src\scraperAPI\scraperapi.ts">
      <metrics statements="18" coveredstatements="13" conditionals="5" coveredconditionals="2" methods="2" coveredmethods="2"/>
      <line num="1" count="1" type="stmt"/>
      <line num="2" count="1" type="stmt"/>
      <line num="6" count="1" type="cond" truecount="1" falsecount="1"/>
      <line num="8" count="1" type="stmt"/>
      <line num="11" count="0" type="stmt"/>
      <line num="16" count="1" type="stmt"/>
      <line num="17" count="1" type="stmt"/>
      <line num="18" count="1" type="stmt"/>
      <line num="19" count="1" type="stmt"/>
      <line num="22" count="1" type="cond" truecount="0" falsecount="1"/>
      <line num="23" count="2" type="cond" truecount="1" falsecount="1"/>
      <line num="24" count="2" type="stmt"/>
      <line num="25" count="2" type="stmt"/>
      <line num="26" count="2" type="stmt"/>
      <line num="30" count="0" type="stmt"/>
      <line num="31" count="0" type="stmt"/>
      <line num="32" count="0" type="stmt"/>
      <line num="33" count="0" type="stmt"/>
    </file>
  </project>
</coverage>
