<?xml version="1.0" encoding="UTF-8"?>
<coverage generated="1763546734737" clover="3.2.0">
  <project timestamp="1763546734737" name="All files">
    <metrics statements="29" coveredstatements="24" conditionals="7" coveredconditionals="4" methods="5" coveredmethods="5" elements="41" coveredelements="33" complexity="0" loc="29" ncloc="29" packages="3" files="3" classes="3"/>
    <package name="mockData">
      <metrics statements="2" coveredstatements="2" conditionals="0" coveredconditionals="0" methods="0" coveredmethods="0"/>
      <file name="mockTravelStatus.ts" path="C:\Users\Ven\Documents\5.SemesterDatamatiker\RejsestatusApi\mockData\mockTravelStatus.ts">
        <metrics statements="2" coveredstatements="2" conditionals="0" coveredconditionals="0" methods="0" coveredmethods="0"/>
        <line num="3" count="2" type="stmt"/>
        <line num="42" count="2" type="stmt"/>
      </file>
    </package>
    <package name="src.scraperAPI">
      <metrics statements="17" coveredstatements="12" conditionals="5" coveredconditionals="2" methods="2" coveredmethods="2"/>
      <file name="scraperapi.ts" path="C:\Users\Ven\Documents\5.SemesterDatamatiker\RejsestatusApi\src\scraperAPI\scraperapi.ts">
        <metrics statements="17" coveredstatements="12" conditionals="5" coveredconditionals="2" methods="2" coveredmethods="2"/>
        <line num="1" count="1" type="stmt"/>
        <line num="2" count="1" type="stmt"/>
        <line num="6" count="1" type="cond" truecount="1" falsecount="1"/>
        <line num="8" count="1" type="stmt"/>
        <line num="11" count="0" type="stmt"/>
        <line num="16" count="1" type="stmt"/>
        <line num="17" count="1" type="stmt"/>
        <line num="18" count="1" type="stmt"/>
        <line num="21" count="1" type="cond" truecount="0" falsecount="1"/>
        <line num="22" count="2" type="cond" truecount="1" falsecount="1"/>
        <line num="23" count="2" type="stmt"/>
        <line num="24" count="2" type="stmt"/>
        <line num="25" count="2" type="stmt"/>
        <line num="29" count="0" type="stmt"/>
        <line num="30" count="0" type="stmt"/>
        <line num="31" count="0" type="stmt"/>
        <line num="32" count="0" type="stmt"/>
      </file>
    </package>
    <package name="src.travelStatusAPI">
      <metrics statements="10" coveredstatements="10" conditionals="2" coveredconditionals="2" methods="3" coveredmethods="3"/>
      <file name="travelStatusController.ts" path="C:\Users\Ven\Documents\5.SemesterDatamatiker\RejsestatusApi\src\travelStatusAPI\travelStatusController.ts">
        <metrics statements="10" coveredstatements="10" conditionals="2" coveredconditionals="2" methods="3" coveredmethods="3"/>
        <line num="2" count="2" type="stmt"/>
        <line num="4" count="2" type="stmt"/>
        <line num="5" count="1" type="stmt"/>
        <line num="8" count="2" type="stmt"/>
        <line num="9" count="2" type="stmt"/>
        <line num="10" count="2" type="stmt"/>
        <line num="11" count="4" type="stmt"/>
        <line num="13" count="2" type="cond" truecount="2" falsecount="0"/>
        <line num="14" count="1" type="stmt"/>
        <line num="16" count="1" type="stmt"/>
      </file>
    </package>
  </project>
</coverage>
