{"C:\\Users\\Ven\\Documents\\5.SemesterDatamatiker\\RejsestatusApi\\mockData\\mockTravelStatus.ts": {"path":"C:\\Users\\Ven\\Documents\\5.SemesterDatamatiker\\RejsestatusApi\\mockData\\mockTravelStatus.ts","statementMap":{"0":{"start":{"line":3,"column":48},"end":{"line":40,"column":2}},"1":{"start":{"line":42,"column":0},"end":{"line":42,"column":32}}},"fnMap":{},"branchMap":{},"s":{"0":1,"1":1},"f":{},"b":{}}
,"C:\\Users\\Ven\\Documents\\5.SemesterDatamatiker\\RejsestatusApi\\src\\scraperAPI\\scraperapi.ts": {"path":"C:\\Users\\Ven\\Documents\\5.SemesterDatamatiker\\RejsestatusApi\\src\\scraperAPI\\scraperapi.ts","statementMap":{"0":{"start":{"line":7,"column":0},"end":{"line":7,"column":7}},"1":{"start":{"line":2,"column":0},"end":{"line":2,"column":26}},"2":{"start":{"line":3,"column":0},"end":{"line":3,"column":20}},"3":{"start":{"line":5,"column":17},"end":{"line":5,"column":70}},"4":{"start":{"line":8,"column":2},"end":{"line":11,"column":3}},"5":{"start":{"line":9,"column":4},"end":{"line":9,"column":62}},"6":{"start":{"line":10,"column":4},"end":{"line":10,"column":20}},"7":{"start":{"line":14,"column":4},"end":{"line":14,"column":81}},"8":{"start":{"line":15,"column":19},"end":{"line":15,"column":39}},"9":{"start":{"line":16,"column":2},"end":{"line":16,"column":23}}},"fnMap":{"0":{"name":"fetchPage","decl":{"start":{"line":7,"column":22},"end":{"line":7,"column":31}},"loc":{"start":{"line":7,"column":46},"end":{"line":17,"column":1}}}},"branchMap":{"0":{"loc":{"start":{"line":7,"column":32},"end":{"line":7,"column":46}},"type":"default-arg","locations":[{"start":{"line":7,"column":42},"end":{"line":7,"column":46}}]},"1":{"loc":{"start":{"line":8,"column":2},"end":{"line":11,"column":3}},"type":"if","locations":[{"start":{"line":8,"column":2},"end":{"line":11,"column":3}},{"start":{},"end":{}}]}},"s":{"0":1,"1":1,"2":1,"3":1,"4":1,"5":1,"6":1,"7":0,"8":0,"9":0},"f":{"0":1},"b":{"0":[0],"1":[1,0]}}
,"C:\\Users\\Ven\\Documents\\5.SemesterDatamatiker\\RejsestatusApi\\src\\travelStatusAPI\\travelStatusController.ts": {"path":"C:\\Users\\Ven\\Documents\\5.SemesterDatamatiker\\RejsestatusApi\\src\\travelStatusAPI\\travelStatusController.ts","statementMap":{"0":{"start":{"line":2,"column":0},"end":{"line":2,"column":66}},"1":{"start":{"line":4,"column":36},"end":{"line":6,"column":1}},"2":{"start":{"line":5,"column":2},"end":{"line":5,"column":29}},"3":{"start":{"line":4,"column":13},"end":{"line":4,"column":36}}},"fnMap":{"0":{"name":"(anonymous_1)","decl":{"start":{"line":4,"column":36},"end":{"line":4,"column":37}},"loc":{"start":{"line":4,"column":68},"end":{"line":6,"column":1}}}},"branchMap":{},"s":{"0":1,"1":1,"2":1,"3":1},"f":{"0":1},"b":{}}
}
