{"C:\\Users\\DGI-17-PC144\\Documents\\Zealand\\Kode\\repo\\RejsestatusApi\\mockData\\mockTravelStatus.ts": {"path":"C:\\Users\\DGI-17-PC144\\Documents\\Zealand\\Kode\\repo\\RejsestatusApi\\mockData\\mockTravelStatus.ts","statementMap":{"0":{"start":{"line":3,"column":48},"end":{"line":46,"column":2}},"1":{"start":{"line":48,"column":0},"end":{"line":48,"column":32}}},"fnMap":{},"branchMap":{},"s":{"0":2,"1":2},"f":{},"b":{}}
,"C:\\Users\\DGI-17-PC144\\Documents\\Zealand\\Kode\\repo\\RejsestatusApi\\src\\scraperAPI\\extractTravelStatus.ts": {"path":"C:\\Users\\DGI-17-PC144\\Documents\\Zealand\\Kode\\repo\\RejsestatusApi\\src\\scraperAPI\\extractTravelStatus.ts","statementMap":{"0":{"start":{"line":4,"column":0},"end":{"line":4,"column":7}},"1":{"start":{"line":1,"column":0},"end":{"line":1,"column":31}},"2":{"start":{"line":2,"column":0},"end":{"line":2,"column":43}},"3":{"start":{"line":5,"column":15},"end":{"line":5,"column":36}},"4":{"start":{"line":6,"column":12},"end":{"line":6,"column":22}},"5":{"start":{"line":8,"column":15},"end":{"line":8,"column":33}},"6":{"start":{"line":10,"column":21},"end":{"line":10,"column":44}},"7":{"start":{"line":12,"column":20},"end":{"line":13,"column":null}},"8":{"start":{"line":15,"column":19},"end":{"line":15,"column":21}},"9":{"start":{"line":17,"column":2},"end":{"line":33,"column":5}},"10":{"start":{"line":18,"column":20},"end":{"line":18,"column":25}},"11":{"start":{"line":20,"column":22},"end":{"line":20,"column":49}},"12":{"start":{"line":21,"column":18},"end":{"line":21,"column":76}},"13":{"start":{"line":22,"column":19},"end":{"line":22,"column":42}},"14":{"start":{"line":23,"column":18},"end":{"line":23,"column":32}},"15":{"start":{"line":24,"column":4},"end":{"line":26,"column":5}},"16":{"start":{"line":25,"column":6},"end":{"line":25,"column":31}},"17":{"start":{"line":28,"column":4},"end":{"line":32,"column":7}},"18":{"start":{"line":34,"column":25},"end":{"line":40,"column":4}},"19":{"start":{"line":41,"column":2},"end":{"line":41,"column":24}}},"fnMap":{"0":{"name":"extractTravelStatus","decl":{"start":{"line":4,"column":22},"end":{"line":4,"column":41}},"loc":{"start":{"line":4,"column":41},"end":{"line":42,"column":1}}},"1":{"name":"(anonymous_1)","decl":{"start":{"line":17,"column":32},"end":{"line":17,"column":33}},"loc":{"start":{"line":17,"column":42},"end":{"line":33,"column":3}}}},"branchMap":{"0":{"loc":{"start":{"line":20,"column":22},"end":{"line":20,"column":49}},"type":"binary-expr","locations":[{"start":{"line":20,"column":22},"end":{"line":20,"column":43}},{"start":{"line":20,"column":47},"end":{"line":20,"column":49}}]},"1":{"loc":{"start":{"line":22,"column":19},"end":{"line":22,"column":42}},"type":"cond-expr","locations":[{"start":{"line":22,"column":27},"end":{"line":22,"column":35}},{"start":{"line":22,"column":38},"end":{"line":22,"column":42}}]},"2":{"loc":{"start":{"line":24,"column":11},"end":{"line":24,"column":54}},"type":"binary-expr","locations":[{"start":{"line":24,"column":11},"end":{"line":24,"column":25}},{"start":{"line":24,"column":29},"end":{"line":24,"column":54}}]},"3":{"loc":{"start":{"line":30,"column":19},"end":{"line":30,"column":46}},"type":"binary-expr","locations":[{"start":{"line":30,"column":19},"end":{"line":30,"column":40}},{"start":{"line":30,"column":44},"end":{"line":30,"column":46}}]},"4":{"loc":{"start":{"line":31,"column":19},"end":{"line":31,"column":46}},"type":"binary-expr","locations":[{"start":{"line":31,"column":19},"end":{"line":31,"column":40}},{"start":{"line":31,"column":44},"end":{"line":31,"column":46}}]}},"s":{"0":1,"1":1,"2":1,"3":1,"4":1,"5":1,"6":1,"7":1,"8":1,"9":1,"10":2,"11":2,"12":2,"13":2,"14":2,"15":2,"16":0,"17":2,"18":1,"19":1},"f":{"0":1,"1":2},"b":{"0":[2,0],"1":[2,0],"2":[2,2],"3":[2,0],"4":[2,0]}}
,"C:\\Users\\DGI-17-PC144\\Documents\\Zealand\\Kode\\repo\\RejsestatusApi\\src\\scraperAPI\\fetchPage.ts": {"path":"C:\\Users\\DGI-17-PC144\\Documents\\Zealand\\Kode\\repo\\RejsestatusApi\\src\\scraperAPI\\fetchPage.ts","statementMap":{"0":{"start":{"line":20,"column":0},"end":{"line":20,"column":7}},"1":{"start":{"line":1,"column":0},"end":{"line":1,"column":20}},"2":{"start":{"line":2,"column":0},"end":{"line":2,"column":26}},"3":{"start":{"line":6,"column":2},"end":{"line":12,"column":3}},"4":{"start":{"line":8,"column":4},"end":{"line":8,"column":40}},"5":{"start":{"line":11,"column":4},"end":{"line":11,"column":46}},"6":{"start":{"line":16,"column":21},"end":{"line":16,"column":38}},"7":{"start":{"line":17,"column":17},"end":{"line":17,"column":55}},"8":{"start":{"line":21,"column":2},"end":{"line":24,"column":3}},"9":{"start":{"line":22,"column":4},"end":{"line":22,"column":62}},"10":{"start":{"line":23,"column":4},"end":{"line":23,"column":20}},"11":{"start":{"line":27,"column":4},"end":{"line":27,"column":81}},"12":{"start":{"line":28,"column":19},"end":{"line":28,"column":39}},"13":{"start":{"line":29,"column":2},"end":{"line":29,"column":48}},"14":{"start":{"line":30,"column":2},"end":{"line":30,"column":29}},"15":{"start":{"line":31,"column":2},"end":{"line":31,"column":23}}},"fnMap":{"0":{"name":"getMockFilePath","decl":{"start":{"line":5,"column":9},"end":{"line":5,"column":24}},"loc":{"start":{"line":5,"column":24},"end":{"line":13,"column":1}}},"1":{"name":"fetchPage","decl":{"start":{"line":20,"column":22},"end":{"line":20,"column":31}},"loc":{"start":{"line":20,"column":46},"end":{"line":32,"column":1}}}},"branchMap":{"0":{"loc":{"start":{"line":6,"column":2},"end":{"line":12,"column":3}},"type":"if","locations":[{"start":{"line":6,"column":2},"end":{"line":12,"column":3}},{"start":{"line":9,"column":9},"end":{"line":12,"column":3}}]},"1":{"loc":{"start":{"line":20,"column":32},"end":{"line":20,"column":46}},"type":"default-arg","locations":[{"start":{"line":20,"column":42},"end":{"line":20,"column":46}}]},"2":{"loc":{"start":{"line":21,"column":2},"end":{"line":24,"column":3}},"type":"if","locations":[{"start":{"line":21,"column":2},"end":{"line":24,"column":3}},{"start":{},"end":{}}]}},"s":{"0":2,"1":2,"2":2,"3":2,"4":2,"5":0,"6":2,"7":2,"8":1,"9":1,"10":1,"11":0,"12":0,"13":0,"14":0,"15":0},"f":{"0":2,"1":1},"b":{"0":[2,0],"1":[0],"2":[1,0]}}
,"C:\\Users\\DGI-17-PC144\\Documents\\Zealand\\Kode\\repo\\RejsestatusApi\\src\\travelStatusAPI\\travelStatusController.ts": {"path":"C:\\Users\\DGI-17-PC144\\Documents\\Zealand\\Kode\\repo\\RejsestatusApi\\src\\travelStatusAPI\\travelStatusController.ts","statementMap":{"0":{"start":{"line":2,"column":0},"end":{"line":2,"column":66}},"1":{"start":{"line":4,"column":36},"end":{"line":6,"column":1}},"2":{"start":{"line":5,"column":2},"end":{"line":5,"column":29}},"3":{"start":{"line":4,"column":13},"end":{"line":4,"column":36}},"4":{"start":{"line":8,"column":40},"end":{"line":20,"column":1}},"5":{"start":{"line":9,"column":18},"end":{"line":9,"column":50}},"6":{"start":{"line":10,"column":17},"end":{"line":11,"column":null}},"7":{"start":{"line":11,"column":12},"end":{"line":11,"column":48}},"8":{"start":{"line":13,"column":2},"end":{"line":19,"column":3}},"9":{"start":{"line":14,"column":4},"end":{"line":14,"column":21}},"10":{"start":{"line":16,"column":4},"end":{"line":18,"column":68}},"11":{"start":{"line":8,"column":13},"end":{"line":8,"column":40}}},"fnMap":{"0":{"name":"(anonymous_1)","decl":{"start":{"line":4,"column":36},"end":{"line":4,"column":37}},"loc":{"start":{"line":4,"column":68},"end":{"line":6,"column":1}}},"1":{"name":"(anonymous_2)","decl":{"start":{"line":8,"column":40},"end":{"line":8,"column":41}},"loc":{"start":{"line":8,"column":72},"end":{"line":20,"column":1}}},"2":{"name":"(anonymous_3)","decl":{"start":{"line":11,"column":4},"end":{"line":11,"column":5}},"loc":{"start":{"line":11,"column":12},"end":{"line":11,"column":48}}}},"branchMap":{"0":{"loc":{"start":{"line":13,"column":2},"end":{"line":19,"column":3}},"type":"if","locations":[{"start":{"line":13,"column":2},"end":{"line":19,"column":3}},{"start":{"line":15,"column":9},"end":{"line":19,"column":3}}]}},"s":{"0":2,"1":2,"2":1,"3":2,"4":2,"5":2,"6":2,"7":4,"8":2,"9":1,"10":1,"11":2},"f":{"0":1,"1":2,"2":4},"b":{"0":[1,1]}}
}
