TN:
SF:mockData\mockTravelStatus.ts
FNF:0
FNH:0
DA:3,2
DA:48,2
LF:2
LH:2
BRF:0
BRH:0
end_of_record
TN:
SF:src\scraperAPI\extractTravelStatus.ts
FN:4,extractTravelStatus
FN:17,(anonymous_1)
FNF:2
FNH:2
FNDA:1,extractTravelStatus
FNDA:2,(anonymous_1)
DA:1,1
DA:2,1
DA:4,1
DA:5,1
DA:6,1
DA:8,1
DA:10,1
DA:12,1
DA:15,1
DA:17,1
DA:18,2
DA:20,2
DA:21,2
DA:22,2
DA:23,2
DA:24,2
DA:25,0
DA:28,2
DA:34,1
DA:41,1
LF:20
LH:19
BRDA:20,0,0,2
BRDA:20,0,1,0
BRDA:22,1,0,2
BRDA:22,1,1,0
BRDA:24,2,0,2
BRDA:24,2,1,2
BRDA:30,3,0,2
BRDA:30,3,1,0
BRDA:31,4,0,2
BRDA:31,4,1,0
BRF:10
BRH:6
end_of_record
TN:
SF:src\scraperAPI\fetchPage.ts
FN:5,getMockFilePath
FN:20,fetchPage
FNF:2
FNH:2
FNDA:2,getMockFilePath
FNDA:1,fetchPage
DA:1,2
DA:2,2
DA:6,2
DA:8,2
DA:11,0
DA:16,2
DA:17,2
DA:20,2
DA:21,1
DA:22,1
DA:23,1
DA:27,0
DA:28,0
DA:29,0
DA:30,0
DA:31,0
LF:16
LH:10
BRDA:6,0,0,2
BRDA:6,0,1,0
BRDA:20,1,0,0
BRDA:21,2,0,1
BRDA:21,2,1,0
BRF:5
BRH:2
end_of_record
TN:
SF:src\travelStatusAPI\travelStatusController.ts
FN:4,(anonymous_1)
FN:8,(anonymous_2)
FN:11,(anonymous_3)
FNF:3
FNH:3
FNDA:1,(anonymous_1)
FNDA:2,(anonymous_2)
FNDA:4,(anonymous_3)
DA:2,2
DA:4,2
DA:5,1
DA:8,2
DA:9,2
DA:10,2
DA:11,4
DA:13,2
DA:14,1
DA:16,1
LF:10
LH:10
BRDA:13,0,0,1
BRDA:13,0,1,1
BRF:2
BRH:2
end_of_record
